<?xml version="1.0" encoding="UTF-8"?>
<testsuites>
<testsuite name=".\test_math_utils.exe" tests="1" failures="0" errors="1">
<testcase name=".\test_math_utils.exe" status="run" duration="2" time="2"><error message="exited with error code 1"></error></testcase>
<system-out><![CDATA[Executing tests from //:test_math_utils
-----------------------------------------------------------------------------
Traceback (most recent call last):
  File "C:\Users\nurja\AppData\Local\Temp\Bazel.runfiles__pz8ykff\runfiles\_main\tests\test_math_utils.py", line 1, in <module>
    import pytest
ModuleNotFoundError: No module named 'pytest'
]]></system-out>
</testsuite>
</testsuites>
